[debug] [2024-03-22T20:48:44.190Z] ----------------------------------------------------------------------
[debug] [2024-03-22T20:48:44.208Z] Command:       C:\Program Files\nodejs\node.exe C:\Users\ay079\AppData\Roaming\npm\node_modules\firebase-tools\lib\bin\firebase.js init
[debug] [2024-03-22T20:48:44.209Z] CLI Version:   13.0.2
[debug] [2024-03-22T20:48:44.210Z] Platform:      win32
[debug] [2024-03-22T20:48:44.211Z] Node Version:  v20.11.1
[debug] [2024-03-22T20:48:44.211Z] Time:          Sat Mar 23 2024 02:18:44 GMT+0530 (India Standard Time)
[debug] [2024-03-22T20:48:44.211Z] ----------------------------------------------------------------------
[debug] 
[debug] [2024-03-22T20:48:44.220Z] >>> [apiv2][query] GET https://firebase-public.firebaseio.com/cli.json [none]
[debug] [2024-03-22T20:48:44.593Z] > command requires scopes: ["email","openid","https://www.googleapis.com/auth/cloudplatformprojects.readonly","https://www.googleapis.com/auth/firebase","https://www.googleapis.com/auth/cloud-platform"]
[debug] [2024-03-22T20:48:44.595Z] > authorizing via signed-in user (ay079396@gmail.com)
[info] 
     ######## #### ########  ######## ########     ###     ######  ########
     ##        ##  ##     ## ##       ##     ##  ##   ##  ##       ##
     ######    ##  ########  ######   ########  #########  ######  ######
     ##        ##  ##    ##  ##       ##     ## ##     ##       ## ##
     ##       #### ##     ## ######## ########  ##     ##  ######  ########

You're about to initialize a Firebase project in this directory:

  D:\Recent Project\GeekGrid

Before we get started, keep in mind:

  * You are initializing within an existing Firebase project directory

[debug] [2024-03-22T20:48:45.387Z] <<< [apiv2][status] GET https://firebase-public.firebaseio.com/cli.json 200
[debug] [2024-03-22T20:48:45.389Z] <<< [apiv2][body] GET https://firebase-public.firebaseio.com/cli.json {"cloudBuildErrorAfter":1594252800000,"cloudBuildWarnAfter":1590019200000,"defaultNode10After":1594252800000,"minVersion":"3.0.5","node8DeploysDisabledAfter":1613390400000,"node8RuntimeDisabledAfter":1615809600000,"node8WarnAfter":1600128000000}
